<?xml version="1.0" encoding="UTF-8"?>
<coverage generated="1666182394961" clover="4.1.2">
   <project name="Maven JUnit4 clover sample 1.0" timestamp="1666182392651">
      <metrics coveredelements="0" complexity="0" loc="0" methods="0" classes="0" statements="0" packages="0" coveredconditionals="0" coveredmethods="0" elements="0" ncloc="0" files="0" conditionals="0" coveredstatements="0"/>
   </project>
   <testproject name="Maven JUnit4 clover sample 1.0" timestamp="1666182392651">
      <metrics coveredelements="9" complexity="6" loc="67" methods="6" classes="4" statements="10" packages="1" coveredconditionals="0" coveredmethods="4" elements="16" ncloc="46" files="4" conditionals="0" coveredstatements="5"/>
      <package name="default-pkg">
         <metrics coveredelements="9" complexity="6" loc="67" methods="6" classes="4" statements="10" coveredconditionals="0" coveredmethods="4" elements="16" ncloc="46" files="4" conditionals="0" coveredstatements="5"/>
         <file path="/Users/genesis/workspace/java/parameterized-junit4-example/src/test/java/RunJUnit4WithClover.java" name="RunJUnit4WithClover.java">
            <metrics coveredelements="0" coveredconditionals="0" complexity="1" loc="14" coveredmethods="0" methods="1" elements="4" classes="1" ncloc="9" statements="3" conditionals="0" coveredstatements="0"/>
            <class name="RunJUnit4WithClover">
               <metrics coveredelements="0" coveredconditionals="0" complexity="1" coveredmethods="0" methods="1" elements="4" statements="3" conditionals="0" coveredstatements="0"/>
            </class>
            <line complexity="1" visibility="public" signature="main(String[]) : void" num="9" count="0" type="method"/>
            <line num="10" count="0" type="stmt"/>
            <line num="11" count="0" type="stmt"/>
            <line num="12" count="0" type="stmt"/>
         </file>
         <file path="/Users/genesis/workspace/java/parameterized-junit4-example/src/test/java/RunJUnit4WithoutClover.java" name="RunJUnit4WithoutClover.java">
            <metrics coveredelements="0" coveredconditionals="0" complexity="1" loc="12" coveredmethods="0" methods="1" elements="3" classes="1" ncloc="7" statements="2" conditionals="0" coveredstatements="0"/>
            <class name="RunJUnit4WithoutClover">
               <metrics coveredelements="0" coveredconditionals="0" complexity="1" coveredmethods="0" methods="1" elements="3" statements="2" conditionals="0" coveredstatements="0"/>
            </class>
            <line complexity="1" visibility="public" signature="main(String[]) : void" num="8" count="0" type="method"/>
            <line num="9" count="0" type="stmt"/>
            <line num="10" count="0" type="stmt"/>
         </file>
         <file path="/Users/genesis/workspace/java/parameterized-junit4-example/src/test/java/Square.java" name="Square.java">
            <metrics coveredelements="2" coveredconditionals="0" complexity="1" loc="8" coveredmethods="1" methods="1" elements="2" classes="1" ncloc="5" statements="1" conditionals="0" coveredstatements="1"/>
            <class name="Square">
               <metrics coveredelements="2" coveredconditionals="0" complexity="1" coveredmethods="1" methods="1" elements="2" statements="1" conditionals="0" coveredstatements="1"/>
            </class>
            <line complexity="1" visibility="package" signature="compute(int) : int" num="5" count="6" type="method"/>
            <line num="6" count="6" type="stmt"/>
         </file>
         <file path="/Users/genesis/workspace/java/parameterized-junit4-example/src/test/java/SquareTest.java" name="SquareTest.java">
            <metrics coveredelements="7" coveredconditionals="0" complexity="3" loc="33" coveredmethods="3" methods="3" elements="7" classes="1" ncloc="25" statements="4" conditionals="0" coveredstatements="4"/>
            <class name="SquareTest">
               <metrics coveredelements="7" complexity="3" methods="3" testruns="6" statements="4" coveredconditionals="0" coveredmethods="3" elements="7" testfailures="4" testduration="0.005" conditionals="0" coveredstatements="4" testpasses="2"/>
            </class>
            <line complexity="1" visibility="public" signature="data() : Collection&lt;Object[]&gt;" num="12" count="1" type="method"/>
            <line num="14" count="1" type="stmt"/>
            <line complexity="1" visibility="public" signature="SquareTest(int,int)" num="22" count="6" type="method"/>
            <line num="23" count="6" type="stmt"/>
            <line num="24" count="6" type="stmt"/>
            <line complexity="1" visibility="public" signature="test() : void" num="27" count="6" type="method"/>
            <line num="29" count="6" type="stmt"/>
         </file>
      </package>
   </testproject>
</coverage>